0 info it worked if it ends with ok
1 verbose cli [ '/usr/local/Cellar/nvm/0.30.1/versions/node/v4.6.0/bin/node',
1 verbose cli   '/usr/local/opt/nvm/versions/node/v4.6.0/bin/npm',
1 verbose cli   'publish' ]
2 info using npm@2.15.9
3 info using node@v4.6.0
4 verbose publish [ '.' ]
5 silly cache add args [ '.', null ]
6 verbose cache add spec .
7 silly cache add parsed spec Result {
7 silly cache add   raw: '.',
7 silly cache add   scope: null,
7 silly cache add   name: null,
7 silly cache add   rawSpec: '.',
7 silly cache add   spec: '/Users/austinstarin/src/stylelint-config-punkave',
7 silly cache add   type: 'directory' }
8 verbose addLocalDirectory /Users/austinstarin/.npm/stylelint-config-punkave/0.0.4/package.tgz not in flight; packing
9 verbose correctMkdir /Users/austinstarin/.npm correctMkdir not in flight; initializing
10 verbose tar pack [ '/Users/austinstarin/.npm/stylelint-config-punkave/0.0.4/package.tgz',
10 verbose tar pack   '/Users/austinstarin/src/stylelint-config-punkave' ]
11 verbose tarball /Users/austinstarin/.npm/stylelint-config-punkave/0.0.4/package.tgz
12 verbose folder /Users/austinstarin/src/stylelint-config-punkave
13 info prepublish stylelint-config-punkave@0.0.4
14 verbose addLocalTarball adding from inside cache /Users/austinstarin/.npm/stylelint-config-punkave/0.0.4/package.tgz
15 verbose correctMkdir /Users/austinstarin/.npm correctMkdir not in flight; initializing
16 silly cache afterAdd stylelint-config-punkave@0.0.4
17 verbose afterAdd /Users/austinstarin/.npm/stylelint-config-punkave/0.0.4/package/package.json not in flight; writing
18 verbose correctMkdir /Users/austinstarin/.npm correctMkdir not in flight; initializing
19 verbose afterAdd /Users/austinstarin/.npm/stylelint-config-punkave/0.0.4/package/package.json written
20 silly publish { name: 'stylelint-config-punkave',
20 silly publish   version: '0.0.4',
20 silly publish   main: 'index.js',
20 silly publish   author: { name: 'P\'unk Ave' },
20 silly publish   repository:
20 silly publish    { type: 'git',
20 silly publish      url: 'git+https://github.com/punkave/stylelint-config-punkave.git' },
20 silly publish   bugs: { url: 'https://github.com/punkave/stylelint-config-punkave/issues' },
20 silly publish   homepage: 'https://github.com/punkave/stylelint-config-punkave#readme',
20 silly publish   readme: '## Install\n\n```bash\nnpm install stylelint-config-punkave --save-dev\n```\nAdd the following to `.stylelintrc` in root directory of project.\n\n```json\n{\n  "extends": "stylelint-config-punkave"\n}\n```\n',
20 silly publish   readmeFilename: 'README.md',
20 silly publish   gitHead: '1c273c25fa1e71a06659839ff306b0a730372fa6',
20 silly publish   description: '```bash npm install stylelint-config-punkave --save-dev ``` Add the following to `.stylelintrc` in root directory of project.',
20 silly publish   _id: 'stylelint-config-punkave@0.0.4',
20 silly publish   scripts: {},
20 silly publish   _shasum: '0d16f5b1117d2a44df5d2c3d9c53d29ff7cdc8b8',
20 silly publish   _from: '.' }
21 verbose getPublishConfig undefined
22 silly mapToRegistry name stylelint-config-punkave
23 silly mapToRegistry using default registry
24 silly mapToRegistry registry https://registry.npmjs.org/
25 silly mapToRegistry data Result {
25 silly mapToRegistry   raw: 'stylelint-config-punkave',
25 silly mapToRegistry   scope: null,
25 silly mapToRegistry   name: 'stylelint-config-punkave',
25 silly mapToRegistry   rawSpec: '',
25 silly mapToRegistry   spec: 'latest',
25 silly mapToRegistry   type: 'tag' }
26 silly mapToRegistry uri https://registry.npmjs.org/stylelint-config-punkave
27 verbose publish registryBase https://registry.npmjs.org/
28 silly publish uploading /Users/austinstarin/.npm/stylelint-config-punkave/0.0.4/package.tgz
29 verbose request uri https://registry.npmjs.org/stylelint-config-punkave
30 verbose request sending authorization for write operation
31 info attempt registry request try #1 at 1:01:26 PM
32 verbose request using bearer token for auth
33 verbose request id 9bd330b2fc49e5b3
34 http request PUT https://registry.npmjs.org/stylelint-config-punkave
35 http 403 https://registry.npmjs.org/stylelint-config-punkave
36 verbose headers { 'content-type': 'application/json',
36 verbose headers   'cache-control': 'max-age=300',
36 verbose headers   'content-length': '95',
36 verbose headers   'accept-ranges': 'bytes',
36 verbose headers   date: 'Tue, 11 Apr 2017 17:01:28 GMT',
36 verbose headers   via: '1.1 varnish',
36 verbose headers   connection: 'keep-alive',
36 verbose headers   'x-served-by': 'cache-iad2147-IAD',
36 verbose headers   'x-cache': 'MISS',
36 verbose headers   'x-cache-hits': '0',
36 verbose headers   'x-timer': 'S1491930088.875707,VS0,VE880',
36 verbose headers   vary: 'Accept-Encoding' }
37 verbose request invalidating /Users/austinstarin/.npm/registry.npmjs.org/stylelint-config-punkave on PUT
38 error publish Failed PUT 403
39 verbose stack Error: "You cannot publish over the previously published version 0.0.4." : stylelint-config-punkave
39 verbose stack     at makeError (/usr/local/Cellar/nvm/0.30.1/versions/node/v4.6.0/lib/node_modules/npm/node_modules/npm-registry-client/lib/request.js:264:12)
39 verbose stack     at CachingRegistryClient.<anonymous> (/usr/local/Cellar/nvm/0.30.1/versions/node/v4.6.0/lib/node_modules/npm/node_modules/npm-registry-client/lib/request.js:252:14)
39 verbose stack     at Request._callback (/usr/local/Cellar/nvm/0.30.1/versions/node/v4.6.0/lib/node_modules/npm/node_modules/npm-registry-client/lib/request.js:172:14)
39 verbose stack     at Request.self.callback (/usr/local/Cellar/nvm/0.30.1/versions/node/v4.6.0/lib/node_modules/npm/node_modules/request/request.js:200:22)
39 verbose stack     at emitTwo (events.js:87:13)
39 verbose stack     at Request.emit (events.js:172:7)
39 verbose stack     at Request.<anonymous> (/usr/local/Cellar/nvm/0.30.1/versions/node/v4.6.0/lib/node_modules/npm/node_modules/request/request.js:1067:10)
39 verbose stack     at emitOne (events.js:82:20)
39 verbose stack     at Request.emit (events.js:169:7)
39 verbose stack     at IncomingMessage.<anonymous> (/usr/local/Cellar/nvm/0.30.1/versions/node/v4.6.0/lib/node_modules/npm/node_modules/request/request.js:988:12)
40 verbose statusCode 403
41 verbose pkgid stylelint-config-punkave
42 verbose cwd /Users/austinstarin/src/stylelint-config-punkave
43 error Darwin 16.4.0
44 error argv "/usr/local/Cellar/nvm/0.30.1/versions/node/v4.6.0/bin/node" "/usr/local/opt/nvm/versions/node/v4.6.0/bin/npm" "publish"
45 error node v4.6.0
46 error npm  v2.15.9
47 error code E403
48 error "You cannot publish over the previously published version 0.0.4." : stylelint-config-punkave
49 error If you need help, you may report this error at:
49 error     <https://github.com/npm/npm/issues>
50 verbose exit [ 1, true ]
